27/02/2019 13:47:12	This log contains information about the import schema operation into project 'Agatha.SqlDataBase' on computer 'DESKTOP-3SLAQL8' by user 'arruda'.
27/02/2019 13:47:12	Import of database schema has started.
27/02/2019 13:47:23	Gathering logins
27/02/2019 13:48:46	Gathering database credentials
27/02/2019 13:48:46	Gathering database options
27/02/2019 13:48:46	Gathering generic database scoped configuration option
27/02/2019 13:48:46	Gathering users
27/02/2019 13:48:46	Gathering roles
27/02/2019 13:48:46	Gathering application roles
27/02/2019 13:48:46	Gathering role memberships
27/02/2019 13:48:46	Gathering filegroups
27/02/2019 13:48:46	Gathering full-text catalogs
27/02/2019 13:48:46	Gathering assemblies
27/02/2019 13:48:46	Gathering certificates
27/02/2019 13:48:46	Gathering symmetric keys
27/02/2019 13:48:46	Gathering encrypted symmetric keys
27/02/2019 13:48:46	Gathering schemas
27/02/2019 13:48:46	Gathering XML schema collections
27/02/2019 13:48:46	Gathering user-defined data types
27/02/2019 13:48:46	Gathering user-defined types
27/02/2019 13:48:46	Gathering table types
27/02/2019 13:48:46	Gathering unique keys for table types
27/02/2019 13:48:46	Gathering primary keys for table types
27/02/2019 13:48:46	Gathering indexes for table types
27/02/2019 13:48:46	Gathering check constraints for table types
27/02/2019 13:48:46	Gathering default constraints for table types
27/02/2019 13:48:46	Gathering partition functions
27/02/2019 13:48:46	Gathering partition schemes
27/02/2019 13:48:46	Gathering functions
27/02/2019 13:48:46	Gathering encrypted functions
27/02/2019 13:48:46	Gathering aggregates
27/02/2019 13:48:46	Gathering procedures
27/02/2019 13:48:46	Gathering encrypted procedures
27/02/2019 13:48:46	Gathering tables
27/02/2019 13:48:46	Gathering primary keys
27/02/2019 13:48:46	Gathering unique constraints
27/02/2019 13:48:46	Gathering foreign keys
27/02/2019 13:48:46	Gathering default constraints
27/02/2019 13:48:46	Gathering check constraints
27/02/2019 13:48:46	Gathering views
27/02/2019 13:48:46	Gathering encrypted views
27/02/2019 13:48:46	Gathering indexes
27/02/2019 13:48:46	Gathering statistics
27/02/2019 13:48:46	Gathering full-text index stoplists
27/02/2019 13:48:46	Gathering search property lists
27/02/2019 13:48:46	Gathering search properties
27/02/2019 13:48:46	Gathering full-text indexes
27/02/2019 13:48:46	Gathering column store indexes
27/02/2019 13:48:46	Gathering spatial indexes
27/02/2019 13:48:46	Gathering XML indexes
27/02/2019 13:48:46	Gathering Selective XML indexes
27/02/2019 13:48:46	Gathering encrypted triggers
27/02/2019 13:48:46	Gathering triggers
27/02/2019 13:48:46	Gathering encrypted and clr ddl triggers
27/02/2019 13:48:46	Gathering ddl triggers
27/02/2019 13:48:46	Gathering synonyms
27/02/2019 13:48:46	Gathering defaults
27/02/2019 13:48:46	Gathering data constraint uddt bindings
27/02/2019 13:48:46	Gathering rules
27/02/2019 13:48:46	Gathering data constraint uddt bindings
27/02/2019 13:48:46	Gathering message types
27/02/2019 13:48:46	Gathering queues
27/02/2019 13:48:46	Gathering contracts
27/02/2019 13:48:46	Gathering services
27/02/2019 13:48:46	Gathering event notifications
27/02/2019 13:48:46	Gathering remote service bindings
27/02/2019 13:48:46	Gathering broker priorities
27/02/2019 13:48:46	Gathering signatures
27/02/2019 13:48:46	Gathering data compression options
27/02/2019 13:48:46	Gathering sequence types
27/02/2019 13:48:46	Gathering security policies
27/02/2019 13:48:46	Gather column encryption keys
27/02/2019 13:48:46	Gathering column master keys
27/02/2019 13:48:46	Gathering external data sources
27/02/2019 13:48:46	Gathering external tables
27/02/2019 13:48:46	Gathering extended properties
27/02/2019 13:48:51	Gathering logins
27/02/2019 13:48:53	Scanning project for duplicate elements
27/02/2019 13:48:53	Finished duplicate element processing
27/02/2019 13:48:53	Finished importing database.
27/02/2019 13:48:53	A summary of the import was saved to the following location: D:\Projects\Arruda\Agatha\Agatha.SqlDataBase\Import Schema Logs\Agatha.SqlDataBase_20190227044712.log
27/02/2019 13:48:53	Click Finish to continue...
